<?xml version="1.0" encoding="UTF-8"?>
<!-- Generated by org.testng.reporters.JUnitReportReporter -->
<testsuite hostname="BLRL-38S7S73" failures="0" tests="2" name="com.sg.openemrtest.LoginTest" time="19.605" errors="0" timestamp="2021-08-13T17:37:06 IST" skipped="0">
  <testcase classname="com.sg.openemrtest.LoginTest" name="invalidCredentialTest" time="8.611"/>
  <system-out/>
  <testcase classname="com.sg.openemrtest.LoginTest" name="validCredentialTest" time="10.994"/>
  <system-out/>
</testsuite> <!-- com.sg.openemrtest.LoginTest -->
